[2018-02-07 14:50:37] local.ERROR: exception 'Symfony\Component\Debug\Exception\FatalErrorException' with message 'Class 'App\Providers\Schema' not found' in C:\wamp64\www\manytomany\app\Providers\AppServiceProvider.php:16
Stack trace:
#0 {main}  
[2018-02-07 14:55:43] local.ERROR: exception 'Symfony\Component\Console\Exception\CommandNotFoundException' with message 'There are no commands defined in the "makr" namespace.

Did you mean this?
    make' in C:\wamp64\www\manytomany\vendor\symfony\console\Application.php:564
Stack trace:
#0 C:\wamp64\www\manytomany\vendor\symfony\console\Application.php(604): Symfony\Component\Console\Application->findNamespace('makr')
#1 C:\wamp64\www\manytomany\vendor\symfony\console\Application.php(229): Symfony\Component\Console\Application->find('makr:migration')
#2 C:\wamp64\www\manytomany\vendor\symfony\console\Application.php(148): Symfony\Component\Console\Application->doRun(Object(Symfony\Component\Console\Input\ArgvInput), Object(Symfony\Component\Console\Output\ConsoleOutput))
#3 C:\wamp64\www\manytomany\vendor\laravel\framework\src\Illuminate\Foundation\Console\Kernel.php(122): Symfony\Component\Console\Application->run(Object(Symfony\Component\Console\Input\ArgvInput), Object(Symfony\Component\Console\Output\ConsoleOutput))
#4 C:\wamp64\www\manytomany\artisan(36): Illuminate\Foundation\Console\Kernel->handle(Object(Symfony\Component\Console\Input\ArgvInput), Object(Symfony\Component\Console\Output\ConsoleOutput))
#5 {main}  
[2018-02-07 15:33:11] local.ERROR: exception 'Symfony\Component\Debug\Exception\FatalErrorException' with message 'Call to undefined function Role()' in C:\wamp64\www\manytomany\routes\web.php:21
Stack trace:
#0 C:\wamp64\www\manytomany\vendor\laravel\framework\src\Illuminate\Foundation\Bootstrap\HandleExceptions.php(138): Symfony\Component\Debug\Exception\FatalErrorException->__construct()
#1 C:\wamp64\www\manytomany\vendor\laravel\framework\src\Illuminate\Foundation\Bootstrap\HandleExceptions.php(123): Illuminate\Foundation\Bootstrap\HandleExceptions->fatalExceptionFromError()
#2 C:\wamp64\www\manytomany\vendor\laravel\framework\src\Illuminate\Foundation\Bootstrap\HandleExceptions.php(0): Illuminate\Foundation\Bootstrap\HandleExceptions->handleShutdown()
#3 C:\wamp64\www\manytomany\vendor\laravel\framework\src\Illuminate\Routing\Route.php(190): Illuminate\Routing\Router->{closure:C:\wamp64\www\manytomany\routes\web.php:19-24}()
#4 C:\wamp64\www\manytomany\vendor\laravel\framework\src\Illuminate\Routing\Route.php(163): Illuminate\Routing\Route->runCallable()
#5 C:\wamp64\www\manytomany\vendor\laravel\framework\src\Illuminate\Routing\Router.php(572): Illuminate\Routing\Route->run()
#6 C:\wamp64\www\manytomany\vendor\laravel\framework\src\Illuminate\Routing\Pipeline.php(30): Illuminate\Routing\Router->Illuminate\Routing\{closure}()
#7 C:\wamp64\www\manytomany\vendor\laravel\framework\src\Illuminate\Routing\Middleware\SubstituteBindings.php(41): Illuminate\Routing\Pipeline->Illuminate\Routing\{closure}()
#8 C:\wamp64\www\manytomany\vendor\laravel\framework\src\Illuminate\Pipeline\Pipeline.php(148): Illuminate\Routing\Middleware\SubstituteBindings->handle()
#9 C:\wamp64\www\manytomany\vendor\laravel\framework\src\Illuminate\Routing\Pipeline.php(53): Illuminate\Pipeline\Pipeline->Illuminate\Pipeline\{closure}()
#10 C:\wamp64\www\manytomany\vendor\laravel\framework\src\Illuminate\Foundation\Http\Middleware\VerifyCsrfToken.php(65): Illuminate\Routing\Pipeline->Illuminate\Routing\{closure}()
#11 C:\wamp64\www\manytomany\vendor\laravel\framework\src\Illuminate\Pipeline\Pipeline.php(148): Illuminate\Foundation\Http\Middleware\VerifyCsrfToken->handle()
#12 C:\wamp64\www\manytomany\vendor\laravel\framework\src\Illuminate\Routing\Pipeline.php(53): Illuminate\Pipeline\Pipeline->Illuminate\Pipeline\{closure}()
#13 C:\wamp64\www\manytomany\vendor\laravel\framework\src\Illuminate\View\Middleware\ShareErrorsFromSession.php(49): Illuminate\Routing\Pipeline->Illuminate\Routing\{closure}()
#14 C:\wamp64\www\manytomany\vendor\laravel\framework\src\Illuminate\Pipeline\Pipeline.php(148): Illuminate\View\Middleware\ShareErrorsFromSession->handle()
#15 C:\wamp64\www\manytomany\vendor\laravel\framework\src\Illuminate\Routing\Pipeline.php(53): Illuminate\Pipeline\Pipeline->Illuminate\Pipeline\{closure}()
#16 C:\wamp64\www\manytomany\vendor\laravel\framework\src\Illuminate\Session\Middleware\StartSession.php(64): Illuminate\Routing\Pipeline->Illuminate\Routing\{closure}()
#17 C:\wamp64\www\manytomany\vendor\laravel\framework\src\Illuminate\Pipeline\Pipeline.php(148): Illuminate\Session\Middleware\StartSession->handle()
#18 C:\wamp64\www\manytomany\vendor\laravel\framework\src\Illuminate\Routing\Pipeline.php(53): Illuminate\Pipeline\Pipeline->Illuminate\Pipeline\{closure}()
#19 C:\wamp64\www\manytomany\vendor\laravel\framework\src\Illuminate\Cookie\Middleware\AddQueuedCookiesToResponse.php(37): Illuminate\Routing\Pipeline->Illuminate\Routing\{closure}()
#20 C:\wamp64\www\manytomany\vendor\laravel\framework\src\Illuminate\Pipeline\Pipeline.php(148): Illuminate\Cookie\Middleware\AddQueuedCookiesToResponse->handle()
#21 C:\wamp64\www\manytomany\vendor\laravel\framework\src\Illuminate\Routing\Pipeline.php(53): Illuminate\Pipeline\Pipeline->Illuminate\Pipeline\{closure}()
#22 C:\wamp64\www\manytomany\vendor\laravel\framework\src\Illuminate\Cookie\Middleware\EncryptCookies.php(59): Illuminate\Routing\Pipeline->Illuminate\Routing\{closure}()
#23 C:\wamp64\www\manytomany\vendor\laravel\framework\src\Illuminate\Pipeline\Pipeline.php(148): Illuminate\Cookie\Middleware\EncryptCookies->handle()
#24 C:\wamp64\www\manytomany\vendor\laravel\framework\src\Illuminate\Routing\Pipeline.php(53): Illuminate\Pipeline\Pipeline->Illuminate\Pipeline\{closure}()
#25 C:\wamp64\www\manytomany\vendor\laravel\framework\src\Illuminate\Pipeline\Pipeline.php(102): Illuminate\Routing\Pipeline->Illuminate\Routing\{closure}()
#26 C:\wamp64\www\manytomany\vendor\laravel\framework\src\Illuminate\Routing\Router.php(574): Illuminate\Pipeline\Pipeline->then()
#27 C:\wamp64\www\manytomany\vendor\laravel\framework\src\Illuminate\Routing\Router.php(533): Illuminate\Routing\Router->runRouteWithinStack()
#28 C:\wamp64\www\manytomany\vendor\laravel\framework\src\Illuminate\Routing\Router.php(511): Illuminate\Routing\Router->dispatchToRoute()
#29 C:\wamp64\www\manytomany\vendor\laravel\framework\src\Illuminate\Foundation\Http\Kernel.php(176): Illuminate\Routing\Router->dispatch()
#30 C:\wamp64\www\manytomany\vendor\laravel\framework\src\Illuminate\Routing\Pipeline.php(30): Illuminate\Foundation\Http\Kernel->Illuminate\Foundation\Http\{closure}()
#31 C:\wamp64\www\manytomany\vendor\laravel\framework\src\Illuminate\Foundation\Http\Middleware\TransformsRequest.php(30): Illuminate\Routing\Pipeline->Illuminate\Routing\{closure}()
#32 C:\wamp64\www\manytomany\vendor\laravel\framework\src\Illuminate\Pipeline\Pipeline.php(148): Illuminate\Foundation\Http\Middleware\TransformsRequest->handle()
#33 C:\wamp64\www\manytomany\vendor\laravel\framework\src\Illuminate\Routing\Pipeline.php(53): Illuminate\Pipeline\Pipeline->Illuminate\Pipeline\{closure}()
#34 C:\wamp64\www\manytomany\vendor\laravel\framework\src\Illuminate\Foundation\Http\Middleware\TransformsRequest.php(30): Illuminate\Routing\Pipeline->Illuminate\Routing\{closure}()
#35 C:\wamp64\www\manytomany\vendor\laravel\framework\src\Illuminate\Pipeline\Pipeline.php(148): Illuminate\Foundation\Http\Middleware\TransformsRequest->handle()
#36 C:\wamp64\www\manytomany\vendor\laravel\framework\src\Illuminate\Routing\Pipeline.php(53): Illuminate\Pipeline\Pipeline->Illuminate\Pipeline\{closure}()
#37 C:\wamp64\www\manytomany\vendor\laravel\framework\src\Illuminate\Foundation\Http\Middleware\ValidatePostSize.php(27): Illuminate\Routing\Pipeline->Illuminate\Routing\{closure}()
#38 C:\wamp64\www\manytomany\vendor\laravel\framework\src\Illuminate\Pipeline\Pipeline.php(148): Illuminate\Foundation\Http\Middleware\ValidatePostSize->handle()
#39 C:\wamp64\www\manytomany\vendor\laravel\framework\src\Illuminate\Routing\Pipeline.php(53): Illuminate\Pipeline\Pipeline->Illuminate\Pipeline\{closure}()
#40 C:\wamp64\www\manytomany\vendor\laravel\framework\src\Illuminate\Foundation\Http\Middleware\CheckForMaintenanceMode.php(46): Illuminate\Routing\Pipeline->Illuminate\Routing\{closure}()
#41 C:\wamp64\www\manytomany\vendor\laravel\framework\src\Illuminate\Pipeline\Pipeline.php(148): Illuminate\Foundation\Http\Middleware\CheckForMaintenanceMode->handle()
#42 C:\wamp64\www\manytomany\vendor\laravel\framework\src\Illuminate\Routing\Pipeline.php(53): Illuminate\Pipeline\Pipeline->Illuminate\Pipeline\{closure}()
#43 C:\wamp64\www\manytomany\vendor\laravel\framework\src\Illuminate\Pipeline\Pipeline.php(102): Illuminate\Routing\Pipeline->Illuminate\Routing\{closure}()
#44 C:\wamp64\www\manytomany\vendor\laravel\framework\src\Illuminate\Foundation\Http\Kernel.php(151): Illuminate\Pipeline\Pipeline->then()
#45 C:\wamp64\www\manytomany\vendor\laravel\framework\src\Illuminate\Foundation\Http\Kernel.php(116): Illuminate\Foundation\Http\Kernel->sendRequestThroughRouter()
#46 C:\wamp64\www\manytomany\public\index.php(54): Illuminate\Foundation\Http\Kernel->handle()
#47 C:\wamp64\www\manytomany\public\index.php(0): {main}()
#48 {main}  
[2018-02-07 15:54:51] local.ERROR: exception 'Symfony\Component\Debug\Exception\FatalErrorException' with message 'syntax error, unexpected '('' in C:\wamp64\www\manytomany\routes\web.php:36
Stack trace:
#0 C:\wamp64\www\manytomany\vendor\laravel\framework\src\Illuminate\Foundation\Bootstrap\HandleExceptions.php(138): Symfony\Component\Debug\Exception\FatalErrorException->__construct()
#1 C:\wamp64\www\manytomany\vendor\laravel\framework\src\Illuminate\Foundation\Bootstrap\HandleExceptions.php(123): Illuminate\Foundation\Bootstrap\HandleExceptions->fatalExceptionFromError()
#2 C:\wamp64\www\manytomany\vendor\laravel\framework\src\Illuminate\Foundation\Bootstrap\HandleExceptions.php(0): Illuminate\Foundation\Bootstrap\HandleExceptions->handleShutdown()
#3 C:\wamp64\www\manytomany\vendor\laravel\framework\src\Illuminate\Routing\Router.php(283): Illuminate\Routing\Router->loadRoutes()
#4 C:\wamp64\www\manytomany\vendor\laravel\framework\src\Illuminate\Routing\RouteRegistrar.php(104): Illuminate\Routing\Router->group()
#5 C:\wamp64\www\manytomany\app\Providers\RouteServiceProvider.php(56): Illuminate\Routing\RouteRegistrar->group()
#6 C:\wamp64\www\manytomany\app\Providers\RouteServiceProvider.php(40): App\Providers\RouteServiceProvider->mapWebRoutes()
#7 C:\wamp64\www\manytomany\vendor\laravel\framework\src\Illuminate\Container\BoundMethod.php(30): App\Providers\RouteServiceProvider->map()
#8 C:\wamp64\www\manytomany\vendor\laravel\framework\src\Illuminate\Container\BoundMethod.php(30): call_user_func_array:{C:\wamp64\www\manytomany\vendor\laravel\framework\src\Illuminate\Container\BoundMethod.php:30}()
#9 C:\wamp64\www\manytomany\vendor\laravel\framework\src\Illuminate\Container\BoundMethod.php(87): Illuminate\Container\BoundMethod::Illuminate\Container\{closure}()
#10 C:\wamp64\www\manytomany\vendor\laravel\framework\src\Illuminate\Container\BoundMethod.php(31): Illuminate\Container\BoundMethod::callBoundMethod()
#11 C:\wamp64\www\manytomany\vendor\laravel\framework\src\Illuminate\Container\Container.php(539): Illuminate\Container\BoundMethod::call()
#12 C:\wamp64\www\manytomany\vendor\laravel\framework\src\Illuminate\Foundation\Support\Providers\RouteServiceProvider.php(74): Illuminate\Container\Container->call()
#13 C:\wamp64\www\manytomany\vendor\laravel\framework\src\Illuminate\Foundation\Support\Providers\RouteServiceProvider.php(33): Illuminate\Foundation\Support\Providers\RouteServiceProvider->loadRoutes()
#14 C:\wamp64\www\manytomany\app\Providers\RouteServiceProvider.php(28): Illuminate\Foundation\Support\Providers\RouteServiceProvider->boot()
#15 C:\wamp64\www\manytomany\vendor\laravel\framework\src\Illuminate\Container\BoundMethod.php(30): App\Providers\RouteServiceProvider->boot()
#16 C:\wamp64\www\manytomany\vendor\laravel\framework\src\Illuminate\Container\BoundMethod.php(30): call_user_func_array:{C:\wamp64\www\manytomany\vendor\laravel\framework\src\Illuminate\Container\BoundMethod.php:30}()
#17 C:\wamp64\www\manytomany\vendor\laravel\framework\src\Illuminate\Container\BoundMethod.php(87): Illuminate\Container\BoundMethod::Illuminate\Container\{closure}()
#18 C:\wamp64\www\manytomany\vendor\laravel\framework\src\Illuminate\Container\BoundMethod.php(31): Illuminate\Container\BoundMethod::callBoundMethod()
#19 C:\wamp64\www\manytomany\vendor\laravel\framework\src\Illuminate\Container\Container.php(539): Illuminate\Container\BoundMethod::call()
#20 C:\wamp64\www\manytomany\vendor\laravel\framework\src\Illuminate\Foundation\Application.php(788): Illuminate\Container\Container->call()
#21 C:\wamp64\www\manytomany\vendor\laravel\framework\src\Illuminate\Foundation\Application.php(771): Illuminate\Foundation\Application->bootProvider()
#22 C:\wamp64\www\manytomany\vendor\laravel\framework\src\Illuminate\Foundation\Application.php(772): Illuminate\Foundation\Application->Illuminate\Foundation\{closure}()
#23 C:\wamp64\www\manytomany\vendor\laravel\framework\src\Illuminate\Foundation\Application.php(772): array_walk()
#24 C:\wamp64\www\manytomany\vendor\laravel\framework\src\Illuminate\Foundation\Bootstrap\BootProviders.php(17): Illuminate\Foundation\Application->boot()
#25 C:\wamp64\www\manytomany\vendor\laravel\framework\src\Illuminate\Foundation\Application.php(208): Illuminate\Foundation\Bootstrap\BootProviders->bootstrap()
#26 C:\wamp64\www\manytomany\vendor\laravel\framework\src\Illuminate\Foundation\Http\Kernel.php(162): Illuminate\Foundation\Application->bootstrapWith()
#27 C:\wamp64\www\manytomany\vendor\laravel\framework\src\Illuminate\Foundation\Http\Kernel.php(146): Illuminate\Foundation\Http\Kernel->bootstrap()
#28 C:\wamp64\www\manytomany\vendor\laravel\framework\src\Illuminate\Foundation\Http\Kernel.php(116): Illuminate\Foundation\Http\Kernel->sendRequestThroughRouter()
#29 C:\wamp64\www\manytomany\public\index.php(54): Illuminate\Foundation\Http\Kernel->handle()
#30 C:\wamp64\www\manytomany\public\index.php(0): {main}()
#31 {main}  
